Performing C SOURCE FILE Test CMAKE_HAVE_LIBC_PTHREAD failed with the following output:
Change Dir: /home/nvidia/poc/ouster/build/CMakeFiles/CMakeTmp

Run Build Command(s):/usr/bin/make cmTC_ca7ac/fast && /usr/bin/make -f CMakeFiles/cmTC_ca7ac.dir/build.make CMakeFiles/cmTC_ca7ac.dir/build
make[1]: Entering directory '/home/nvidia/poc/ouster/build/CMakeFiles/CMakeTmp'
Building C object CMakeFiles/cmTC_ca7ac.dir/src.c.o
/usr/bin/cc   -fPIC -DCMAKE_HAVE_LIBC_PTHREAD   -o CMakeFiles/cmTC_ca7ac.dir/src.c.o   -c /home/nvidia/poc/ouster/build/CMakeFiles/CMakeTmp/src.c
Linking C executable cmTC_ca7ac
/usr/local/bin/cmake -E cmake_link_script CMakeFiles/cmTC_ca7ac.dir/link.txt --verbose=1
/usr/bin/cc -fPIC -DCMAKE_HAVE_LIBC_PTHREAD    CMakeFiles/cmTC_ca7ac.dir/src.c.o  -o cmTC_ca7ac 
CMakeFiles/cmTC_ca7ac.dir/src.c.o: In function `main':
src.c:(.text+0x48): undefined reference to `pthread_create'
src.c:(.text+0x50): undefined reference to `pthread_detach'
src.c:(.text+0x5c): undefined reference to `pthread_join'
src.c:(.text+0x6c): undefined reference to `pthread_atfork'
collect2: error: ld returned 1 exit status
CMakeFiles/cmTC_ca7ac.dir/build.make:86: recipe for target 'cmTC_ca7ac' failed
make[1]: *** [cmTC_ca7ac] Error 1
make[1]: Leaving directory '/home/nvidia/poc/ouster/build/CMakeFiles/CMakeTmp'
Makefile:121: recipe for target 'cmTC_ca7ac/fast' failed
make: *** [cmTC_ca7ac/fast] Error 2


Source file was:
#include <pthread.h>

void* test_func(void* data)
{
  return data;
}

int main(void)
{
  pthread_t thread;
  pthread_create(&thread, NULL, test_func, NULL);
  pthread_detach(thread);
  pthread_join(thread, NULL);
  pthread_atfork(NULL, NULL, NULL);
  pthread_exit(NULL);

  return 0;
}

Determining if the function pthread_create exists in the pthreads failed with the following output:
Change Dir: /home/nvidia/poc/ouster/build/CMakeFiles/CMakeTmp

Run Build Command(s):/usr/bin/make cmTC_dbc47/fast && /usr/bin/make -f CMakeFiles/cmTC_dbc47.dir/build.make CMakeFiles/cmTC_dbc47.dir/build
make[1]: Entering directory '/home/nvidia/poc/ouster/build/CMakeFiles/CMakeTmp'
Building C object CMakeFiles/cmTC_dbc47.dir/CheckFunctionExists.c.o
/usr/bin/cc   -fPIC -DCHECK_FUNCTION_EXISTS=pthread_create   -o CMakeFiles/cmTC_dbc47.dir/CheckFunctionExists.c.o   -c /usr/local/share/cmake-3.16/Modules/CheckFunctionExists.c
Linking C executable cmTC_dbc47
/usr/local/bin/cmake -E cmake_link_script CMakeFiles/cmTC_dbc47.dir/link.txt --verbose=1
/usr/bin/cc -fPIC -DCHECK_FUNCTION_EXISTS=pthread_create    CMakeFiles/cmTC_dbc47.dir/CheckFunctionExists.c.o  -o cmTC_dbc47  -lpthreads 
/usr/bin/ld: cannot find -lpthreads
collect2: error: ld returned 1 exit status
CMakeFiles/cmTC_dbc47.dir/build.make:86: recipe for target 'cmTC_dbc47' failed
make[1]: *** [cmTC_dbc47] Error 1
make[1]: Leaving directory '/home/nvidia/poc/ouster/build/CMakeFiles/CMakeTmp'
Makefile:121: recipe for target 'cmTC_dbc47/fast' failed
make: *** [cmTC_dbc47/fast] Error 2



